c:\work\cad-training\sketcherapplication\graphics\x64\debug\vc143.pdb
c:\work\cad-training\sketcherapplication\graphics\x64\debug\vc143.idb
c:\work\cad-training\sketcherapplication\graphics\x64\debug\shaderprogram.obj
c:\work\cad-training\sketcherapplication\graphics\x64\debug\openglwrapper.obj
c:\work\cad-training\sketcherapplication\graphics\x64\debug\igraphics.obj
c:\work\cad-training\sketcherapplication\graphics\x64\debug\graphicscircle.obj
c:\work\cad-training\sketcherapplication\graphics\x64\debug\graphicspoint.obj
c:\work\cad-training\sketcherapplication\graphics\x64\debug\graphicsline.obj
c:\work\cad-training\sketcherapplication\x64\debug\glew32d.dll
c:\work\cad-training\sketcherapplication\graphics\x64\debug\graphics.ilk
c:\work\cad-training\sketcherapplication\x64\debug\graphics.dll
c:\work\cad-training\sketcherapplication\x64\debug\graphics.pdb
c:\work\cad-training\sketcherapplication\x64\debug\graphics.lib
c:\work\cad-training\sketcherapplication\x64\debug\graphics.exp
c:\work\cad-training\sketcherapplication\graphics\x64\debug\graphics.tlog\cl.command.1.tlog
c:\work\cad-training\sketcherapplication\graphics\x64\debug\graphics.tlog\cl.read.1.tlog
c:\work\cad-training\sketcherapplication\graphics\x64\debug\graphics.tlog\cl.write.1.tlog
c:\work\cad-training\sketcherapplication\graphics\x64\debug\graphics.tlog\graphics.write.1u.tlog
c:\work\cad-training\sketcherapplication\graphics\x64\debug\graphics.tlog\link.command.1.tlog
c:\work\cad-training\sketcherapplication\graphics\x64\debug\graphics.tlog\link.read.1.tlog
c:\work\cad-training\sketcherapplication\graphics\x64\debug\graphics.tlog\link.write.1.tlog
c:\work\cad-training\sketcherapplication\graphics\x64\debug\graphics.tlog\link.write.2u.tlog
