  Circle.cpp
C:\Work\CAD-Training\SketcherApplication\Geometry\includes\Vector.h(13,1): warning C4275: non dll-interface class 'IGeometry' used as base for dll-interface class 'Vector'
C:\Work\CAD-Training\SketcherApplication\Geometry\includes\IGeometry.h(7,8): message : see declaration of 'IGeometry'
C:\Work\CAD-Training\SketcherApplication\Geometry\includes\Vector.h(12,17): message : see declaration of 'Vector'
C:\Work\CAD-Training\SketcherApplication\Geometry\includes\Point.h(18,43): warning C4275: non dll-interface class 'IGeometry' used as base for dll-interface struct 'Point'
C:\Work\CAD-Training\SketcherApplication\Geometry\includes\IGeometry.h(7,8): message : see declaration of 'IGeometry'
C:\Work\CAD-Training\SketcherApplication\Geometry\includes\Point.h(18,18): message : see declaration of 'Point'
C:\Work\CAD-Training\SketcherApplication\Geometry\includes\Circle.h(7,1): warning C4275: non dll-interface class 'IGeometry' used as base for dll-interface class 'Circle'
C:\Work\CAD-Training\SketcherApplication\Geometry\includes\IGeometry.h(7,8): message : see declaration of 'IGeometry'
C:\Work\CAD-Training\SketcherApplication\Geometry\includes\Circle.h(6,17): message : see declaration of 'Circle'
  IGeometry.cpp
  Line.cpp
C:\Work\CAD-Training\SketcherApplication\Geometry\includes\Vector.h(13,1): warning C4275: non dll-interface class 'IGeometry' used as base for dll-interface class 'Vector'
C:\Work\CAD-Training\SketcherApplication\Geometry\includes\IGeometry.h(7,8): message : see declaration of 'IGeometry'
C:\Work\CAD-Training\SketcherApplication\Geometry\includes\Vector.h(12,17): message : see declaration of 'Vector'
C:\Work\CAD-Training\SketcherApplication\Geometry\includes\Point.h(18,43): warning C4275: non dll-interface class 'IGeometry' used as base for dll-interface struct 'Point'
C:\Work\CAD-Training\SketcherApplication\Geometry\includes\IGeometry.h(7,8): message : see declaration of 'IGeometry'
C:\Work\CAD-Training\SketcherApplication\Geometry\includes\Point.h(18,18): message : see declaration of 'Point'
C:\Work\CAD-Training\SketcherApplication\Geometry\includes\Line.h(9,1): warning C4275: non dll-interface class 'IGeometry' used as base for dll-interface class 'Line'
C:\Work\CAD-Training\SketcherApplication\Geometry\includes\IGeometry.h(7,8): message : see declaration of 'IGeometry'
C:\Work\CAD-Training\SketcherApplication\Geometry\includes\Line.h(8,17): message : see declaration of 'Line'
  Matrix.cpp
C:\Work\CAD-Training\SketcherApplication\Geometry\includes\Matrix.h(8,1): warning C4275: non dll-interface class 'IGeometry' used as base for dll-interface class 'Matrix'
C:\Work\CAD-Training\SketcherApplication\Geometry\includes\IGeometry.h(7,8): message : see declaration of 'IGeometry'
C:\Work\CAD-Training\SketcherApplication\Geometry\includes\Matrix.h(7,17): message : see declaration of 'Matrix'
C:\Work\CAD-Training\SketcherApplication\Geometry\includes\Matrix.h(11,25): warning C4251: 'Matrix::matElement': class 'std::vector<std::vector<double,std::allocator<double>>,std::allocator<std::vector<double,std::allocator<double>>>>' needs to have dll-interface to be used by clients of class 'Matrix'
C:\Work\CAD-Training\SketcherApplication\Geometry\includes\Matrix.h(11,2): message : see declaration of 'std::vector<std::vector<double,std::allocator<double>>,std::allocator<std::vector<double,std::allocator<double>>>>'
  Point.cpp
C:\Work\CAD-Training\SketcherApplication\Geometry\includes\Vector.h(13,1): warning C4275: non dll-interface class 'IGeometry' used as base for dll-interface class 'Vector'
C:\Work\CAD-Training\SketcherApplication\Geometry\includes\IGeometry.h(7,8): message : see declaration of 'IGeometry'
C:\Work\CAD-Training\SketcherApplication\Geometry\includes\Vector.h(12,17): message : see declaration of 'Vector'
C:\Work\CAD-Training\SketcherApplication\Geometry\includes\Point.h(18,43): warning C4275: non dll-interface class 'IGeometry' used as base for dll-interface struct 'Point'
C:\Work\CAD-Training\SketcherApplication\Geometry\includes\IGeometry.h(7,8): message : see declaration of 'IGeometry'
C:\Work\CAD-Training\SketcherApplication\Geometry\includes\Point.h(18,18): message : see declaration of 'Point'
  Vector.cpp
C:\Work\CAD-Training\SketcherApplication\Geometry\includes\Vector.h(13,1): warning C4275: non dll-interface class 'IGeometry' used as base for dll-interface class 'Vector'
C:\Work\CAD-Training\SketcherApplication\Geometry\includes\IGeometry.h(7,8): message : see declaration of 'IGeometry'
C:\Work\CAD-Training\SketcherApplication\Geometry\includes\Vector.h(12,17): message : see declaration of 'Vector'
C:\Work\CAD-Training\SketcherApplication\Geometry\src\Vector.cpp(104,27): warning C4267: 'argument': conversion from 'size_t' to 'const unsigned int', possible loss of data
C:\Work\CAD-Training\SketcherApplication\Geometry\src\Vector.cpp(104,35): warning C4267: 'argument': conversion from 'size_t' to 'const unsigned int', possible loss of data
C:\Work\CAD-Training\SketcherApplication\Geometry\src\Vector.cpp(104,21): warning C4244: '=': conversion from 'double' to 'float', possible loss of data
  Generating Code...
     Creating library C:\Work\CAD-Training\SketcherApplication\x64\Debug\Geometry.lib and object C:\Work\CAD-Training\SketcherApplication\x64\Debug\Geometry.exp
  Geometry.vcxproj -> C:\Work\CAD-Training\SketcherApplication\x64\Debug\Geometry.dll
