c:\work\cad-training\sketcherapplication\geometry\x64\debug\vc143.pdb
c:\work\cad-training\sketcherapplication\geometry\x64\debug\vc143.idb
c:\work\cad-training\sketcherapplication\geometry\x64\debug\vector.obj
c:\work\cad-training\sketcherapplication\geometry\x64\debug\point.obj
c:\work\cad-training\sketcherapplication\geometry\x64\debug\matrix.obj
c:\work\cad-training\sketcherapplication\geometry\x64\debug\line.obj
c:\work\cad-training\sketcherapplication\geometry\x64\debug\igeometry.obj
c:\work\cad-training\sketcherapplication\geometry\x64\debug\circle.obj
c:\work\cad-training\sketcherapplication\geometry\x64\debug\geometry.ilk
c:\work\cad-training\sketcherapplication\x64\debug\geometry.dll
c:\work\cad-training\sketcherapplication\x64\debug\geometry.pdb
c:\work\cad-training\sketcherapplication\x64\debug\geometry.lib
c:\work\cad-training\sketcherapplication\x64\debug\geometry.exp
c:\work\cad-training\sketcherapplication\geometry\x64\debug\geometry.tlog\cl.command.1.tlog
c:\work\cad-training\sketcherapplication\geometry\x64\debug\geometry.tlog\cl.read.1.tlog
c:\work\cad-training\sketcherapplication\geometry\x64\debug\geometry.tlog\cl.write.1.tlog
c:\work\cad-training\sketcherapplication\geometry\x64\debug\geometry.tlog\link.command.1.tlog
c:\work\cad-training\sketcherapplication\geometry\x64\debug\geometry.tlog\link.read.1.tlog
c:\work\cad-training\sketcherapplication\geometry\x64\debug\geometry.tlog\link.write.1.tlog
c:\work\cad-training\sketcherapplication\geometry\x64\debug\geometry.tlog\link.write.2u.tlog
